<?xml version="1.0" encoding="UTF-8"?>
<!-- Generated by org.testng.reporters.JUnitReportReporter -->
<testsuite skipped="0" hostname="ALEXANDR-KOTOV" name="ru.mkstat.stat.LoginTest" tests="1" failures="0" timestamp="14 июл 2017 07:48:28 GMT" time="7.412" errors="0">
  <testcase name="testUntitled" time="7.412" classname="ru.mkstat.stat.LoginTest"/>
</testsuite> <!-- ru.mkstat.stat.LoginTest -->
