<?xml version="1.0" encoding="UTF-8"?>
<!-- Generated by org.testng.reporters.JUnitReportReporter -->
<testsuite skipped="0" hostname="ALEXANDR-KOTOV" name="ru.mkstat.stat.LoginTest" tests="1" failures="0" timestamp="11 июл 2017 09:04:07 GMT" time="3.391" errors="0">
  <testcase name="testUntitled" time="3.391" classname="ru.mkstat.stat.LoginTest"/>
</testsuite> <!-- ru.mkstat.stat.LoginTest -->
