<?xml version="1.0" encoding="UTF-8"?>
<!-- Generated by org.testng.reporters.JUnitReportReporter -->
<testsuite skipped="0" hostname="ALEXANDR-KOTOV" name="ru.mkstat.stat.LoginTest" tests="1" failures="0" timestamp="05 июл 2017 12:14:20 GMT" time="3.597" errors="0">
  <testcase name="testUntitled" time="3.597" classname="ru.mkstat.stat.LoginTest"/>
</testsuite> <!-- ru.mkstat.stat.LoginTest -->
